<?xml version="1.0" encoding="UTF-8"?>
<!-- Generated by org.testng.reporters.JUnitXMLReporter -->
<testsuite hostname="Ameyas-MBP" ignored="0" name="Default test" tests="2" failures="0" timestamp="2021-06-11T18:08:32 IST" time="0.182" errors="0">
  <testcase name="testFirst" time="0.074" classname="com.cognixia.training.MavenTestNGSelenium.tests.TestNGExample"/>
  <testcase name="testSecond" time="0.002" classname="com.cognixia.training.MavenTestNGSelenium.tests.TestNGExample"/>
</testsuite> <!-- Default test -->
