<?xml version="1.0" encoding="UTF-8"?>
<testng-results skipped="0" failed="0" ignored="0" total="2" passed="2">
  <reporter-output>
  </reporter-output>
  <suite name="Default suite" duration-ms="182" started-at="2021-06-11T18:08:31 IST" finished-at="2021-06-11T18:08:32 IST">
    <groups>
    </groups>
    <test name="Default test" duration-ms="182" started-at="2021-06-11T18:08:31 IST" finished-at="2021-06-11T18:08:32 IST">
      <class name="com.cognixia.training.MavenTestNGSelenium.tests.TestNGExample">
        <test-method status="PASS" signature="beforeSuite()[pri:0, instance:com.cognixia.training.MavenTestNGSelenium.tests.TestNGExample@5e853265]" name="beforeSuite" is-config="true" duration-ms="64" started-at="2021-06-11T18:08:31 IST" finished-at="2021-06-11T18:08:31 IST">
          <reporter-output>
          </reporter-output>
        </test-method> <!-- beforeSuite -->
        <test-method status="PASS" signature="setUp()[pri:0, instance:com.cognixia.training.MavenTestNGSelenium.tests.TestNGExample@5e853265]" name="setUp" is-config="true" duration-ms="1" started-at="2021-06-11T18:08:31 IST" finished-at="2021-06-11T18:08:31 IST">
          <reporter-output>
          </reporter-output>
        </test-method> <!-- setUp -->
        <test-method status="PASS" signature="beforeMethod()[pri:0, instance:com.cognixia.training.MavenTestNGSelenium.tests.TestNGExample@5e853265]" name="beforeMethod" is-config="true" duration-ms="1" started-at="2021-06-11T18:08:32 IST" finished-at="2021-06-11T18:08:32 IST">
          <reporter-output>
          </reporter-output>
        </test-method> <!-- beforeMethod -->
        <test-method status="PASS" signature="testFirst()[pri:0, instance:com.cognixia.training.MavenTestNGSelenium.tests.TestNGExample@5e853265]" name="testFirst" duration-ms="74" started-at="2021-06-11T18:08:32 IST" finished-at="2021-06-11T18:08:32 IST">
          <reporter-output>
          </reporter-output>
        </test-method> <!-- testFirst -->
        <test-method status="PASS" signature="beforeMethod()[pri:0, instance:com.cognixia.training.MavenTestNGSelenium.tests.TestNGExample@5e853265]" name="beforeMethod" is-config="true" duration-ms="1" started-at="2021-06-11T18:08:32 IST" finished-at="2021-06-11T18:08:32 IST">
          <reporter-output>
          </reporter-output>
        </test-method> <!-- beforeMethod -->
        <test-method status="PASS" signature="testSecond()[pri:0, instance:com.cognixia.training.MavenTestNGSelenium.tests.TestNGExample@5e853265]" name="testSecond" duration-ms="2" started-at="2021-06-11T18:08:32 IST" finished-at="2021-06-11T18:08:32 IST">
          <reporter-output>
          </reporter-output>
        </test-method> <!-- testSecond -->
        <test-method status="PASS" signature="tearDown()[pri:0, instance:com.cognixia.training.MavenTestNGSelenium.tests.TestNGExample@5e853265]" name="tearDown" is-config="true" duration-ms="3" started-at="2021-06-11T18:08:32 IST" finished-at="2021-06-11T18:08:32 IST">
          <reporter-output>
          </reporter-output>
        </test-method> <!-- tearDown -->
      </class> <!-- com.cognixia.training.MavenTestNGSelenium.tests.TestNGExample -->
    </test> <!-- Default test -->
  </suite> <!-- Default suite -->
</testng-results>
